<?xml version="1.0" encoding="UTF-8"?>
<!-- Generated by org.testng.reporters.JUnitReportReporter -->
<testsuite hostname="LAPTOP-ED3B4Q90" failures="0" tests="1" name="runner.TestRunner" time="21.533" errors="0" timestamp="2023-11-05T17:02:46 IST" skipped="0">
  <testcase classname="runner.TestRunner" name="runScenario" time="21.533"/>
  <system-out/>
</testsuite> <!-- runner.TestRunner -->
