<?xml version="1.0" encoding="UTF-8"?>
<!-- Generated by org.testng.reporters.JUnitReportReporter -->
<testsuite hostname="LAPTOP-ED3B4Q90" failures="0" tests="1" name="runner.TestRunner" time="25.198" errors="0" timestamp="2023-11-05T16:06:10 IST" skipped="0">
  <testcase classname="runner.TestRunner" name="runScenario" time="25.198"/>
  <system-out/>
</testsuite> <!-- runner.TestRunner -->
