<?xml version="1.0" encoding="UTF-8"?>
<!-- Generated by org.testng.reporters.JUnitReportReporter -->
<testsuite hostname="LAPTOP-ED3B4Q90" failures="0" tests="1" name="runner.TestRunner" time="13.674" errors="0" timestamp="2023-11-04T14:39:36 IST" skipped="0">
  <testcase classname="runner.TestRunner" name="runScenario" time="13.674"/>
  <system-out/>
</testsuite> <!-- runner.TestRunner -->
