<?xml version="1.0" encoding="UTF-8"?>
<!-- Generated by org.testng.reporters.JUnitReportReporter -->
<testsuite hostname="LAPTOP-ED3B4Q90" failures="0" tests="2" name="runner.TestRunner" time="40.041" errors="0" timestamp="2023-11-05T18:55:49 IST" skipped="0">
  <testcase classname="runner.TestRunner" name="runScenario" time="18.039"/>
  <system-out/>
  <testcase classname="runner.TestRunner" name="runScenario" time="22.002"/>
  <system-out/>
</testsuite> <!-- runner.TestRunner -->
